<?xml version="1.0" encoding="UTF-8"?>
<!-- Generated by org.testng.reporters.JUnitReportReporter -->
<testsuite hostname="DESKTOP-9NIDAD7" failures="0" tests="3" name="Inkbox.Tests.LoginTest" time="59.742" errors="0" timestamp="2021-07-06T09:28:26 EDT" skipped="0">
  <testcase classname="Inkbox.Tests.LoginTest" name="LoginWithDirectUser" time="18.035"/>
  <system-out/>
  <testcase classname="Inkbox.Tests.LoginTest" name="LoginWithFacebook" time="18.180"/>
  <system-out/>
  <testcase classname="Inkbox.Tests.LoginTest" name="LoginWithGoogle" time="23.527"/>
  <system-out/>
</testsuite> <!-- Inkbox.Tests.LoginTest -->
