<?xml version="1.0" encoding="UTF-8"?>
<!-- Generated by org.testng.reporters.JUnitReportReporter -->
<testsuite hostname="DESKTOP-9NIDAD7" failures="0" tests="4" name="Inkbox.Tests.HomePageTest" time="228.886" errors="0" timestamp="2021-07-08T11:14:25 EDT" skipped="0">
  <testcase classname="Inkbox.Tests.HomePageTest" name="Verify_Changepassword" time="41.565"/>
  <system-out/>
  <testcase classname="Inkbox.Tests.HomePageTest" name="Verify_Display_of_Products_on_Homepage" time="30.666"/>
  <system-out/>
  <testcase classname="Inkbox.Tests.HomePageTest" name="ProductsDisplayed_are_Clicable_And_Move_To_PDP" time="43.853"/>
  <system-out/>
  <testcase classname="Inkbox.Tests.HomePageTest" name="VerifypopularCategories" time="112.802"/>
  <system-out/>
</testsuite> <!-- Inkbox.Tests.HomePageTest -->
