<?xml version="1.0" encoding="UTF-8"?>
<!-- Generated by org.testng.reporters.JUnitReportReporter -->
<testsuite hostname="DESKTOP-9NIDAD7" failures="0" tests="1" name="Inkbox.Tests.SignUpTest" time="34.334" errors="0" timestamp="2021-07-14T12:16:38 EDT" skipped="0">
  <testcase classname="Inkbox.Tests.SignUpTest" name="SignUpTest" time="34.334"/>
  <system-out/>
</testsuite> <!-- Inkbox.Tests.SignUpTest -->
