<?xml version="1.0" encoding="UTF-8"?>
<!-- Generated by org.testng.reporters.JUnitReportReporter -->
<testsuite hostname="DESKTOP-9NIDAD7" failures="0" tests="4" name="Inkbox.Tests.CartTest" time="272.069" errors="0" timestamp="2021-07-08T11:14:25 EDT" skipped="0">
  <testcase classname="Inkbox.Tests.CartTest" name="ValidateItems_Adding_To_Cart" time="61.119"/>
  <system-out/>
  <testcase classname="Inkbox.Tests.CartTest" name="IncreamentProduct_InCart_And_INC_145_cannot_remove_item_from_cart" time="107.609"/>
  <system-out/>
  <testcase classname="Inkbox.Tests.CartTest" name="VerifyFreeShippingMessage" time="54.417"/>
  <system-out/>
  <testcase classname="Inkbox.Tests.CartTest" name="AddItemsToCart_without_Login_and_ValidateAfterLogin" time="48.924"/>
  <system-out/>
</testsuite> <!-- Inkbox.Tests.CartTest -->
