<?xml version="1.0" encoding="UTF-8"?>
<!-- Generated by org.testng.reporters.JUnitReportReporter -->
<testsuite hostname="DESKTOP-9NIDAD7" failures="0" tests="1" name="Inkbox.Tests.CartTest" time="43.745" errors="0" timestamp="2021-07-19T10:48:10 EDT" skipped="0">
  <testcase classname="Inkbox.Tests.CartTest" name="GuestScenario_Adding_ItemsTocart" time="43.745"/>
  <system-out/>
</testsuite> <!-- Inkbox.Tests.CartTest -->
