<?xml version="1.0" encoding="UTF-8"?>
<!-- Generated by org.testng.reporters.JUnitReportReporter -->
<testsuite hostname="DESKTOP-9NIDAD7" failures="0" tests="1" name="Inkbox.Tests.HomePageTest" time="34.725" errors="0" timestamp="2021-07-14T13:39:05 EDT" skipped="0">
  <testcase classname="Inkbox.Tests.HomePageTest" name="Verify_Display_of_Products_on_Homepage" time="34.725"/>
  <system-out/>
</testsuite> <!-- Inkbox.Tests.HomePageTest -->
