<?xml version="1.0" encoding="UTF-8"?>
<!-- Generated by org.testng.reporters.JUnitReportReporter -->
<testsuite hostname="DESKTOP-9NIDAD7" failures="0" tests="4" name="Inkbox.Tests.CartTest" time="264.500" errors="0" timestamp="2021-07-12T13:16:43 EDT" skipped="0">
  <testcase classname="Inkbox.Tests.CartTest" name="AddItemsToCart_without_Login_and_ValidateAfterLogin" time="49.220"/>
  <system-out/>
  <testcase classname="Inkbox.Tests.CartTest" name="VerifyFreeShippingMessage" time="47.943"/>
  <system-out/>
  <testcase classname="Inkbox.Tests.CartTest" name="ValidateItems_Adding_To_Cart" time="62.474"/>
  <system-out/>
  <testcase classname="Inkbox.Tests.CartTest" name="IncreamentProduct_InCart_And_INC_145_cannot_remove_item_from_cart" time="104.863"/>
  <system-out/>
</testsuite> <!-- Inkbox.Tests.CartTest -->
