<?xml version="1.0" encoding="UTF-8"?>
<!-- Generated by org.testng.reporters.JUnitReportReporter -->
<testsuite hostname="DESKTOP-9NIDAD7" failures="0" tests="1" name="BaseTest.Base" time="5.205" errors="0" timestamp="2021-06-25T11:47:54 EDT" skipped="0">
  <testcase classname="BaseTest.Base" name="Setup" time="5.205"/>
  <system-out/>
</testsuite> <!-- BaseTest.Base -->
