<?xml version="1.0" encoding="UTF-8"?>
<!-- Generated by org.testng.reporters.JUnitReportReporter -->
<testsuite hostname="DESKTOP-9NIDAD7" failures="0" tests="4" name="Inkbox.Tests.ProductSearchTest" time="128.543" errors="0" timestamp="2021-07-06T09:28:26 EDT" skipped="0">
  <testcase classname="Inkbox.Tests.ProductSearchTest" name="Autosuggestion_Validation" time="22.302"/>
  <system-out/>
  <testcase classname="Inkbox.Tests.ProductSearchTest" name="SortByPriceLowToHigh" time="34.926"/>
  <system-out/>
  <testcase classname="Inkbox.Tests.ProductSearchTest" name="SortBySize" time="37.530"/>
  <system-out/>
  <testcase classname="Inkbox.Tests.ProductSearchTest" name="ValidatePresentUrl_with_PreviousUrl" time="33.785"/>
  <system-out/>
</testsuite> <!-- Inkbox.Tests.ProductSearchTest -->
