<?xml version="1.0" encoding="UTF-8"?>
<!-- Generated by org.testng.reporters.JUnitReportReporter -->
<testsuite hostname="DESKTOP-9NIDAD7" failures="0" tests="4" name="Inkbox.Tests.CartTest" time="258.000" errors="0" timestamp="2021-07-14T16:50:02 EDT" skipped="0">
  <testcase classname="Inkbox.Tests.CartTest" name="IncreamentProduct_InCart_And_INC_145_cannot_remove_item_from_cart" time="99.411"/>
  <system-out/>
  <testcase classname="Inkbox.Tests.CartTest" name="ValidateItems_Adding_To_Cart" time="60.952"/>
  <system-out/>
  <testcase classname="Inkbox.Tests.CartTest" name="VerifyFreeShippingMessage" time="50.613"/>
  <system-out/>
  <testcase classname="Inkbox.Tests.CartTest" name="AddItemsToCart_without_Login_and_ValidateAfterLogin" time="47.024"/>
  <system-out/>
</testsuite> <!-- Inkbox.Tests.CartTest -->
