<?xml version="1.0" encoding="UTF-8"?>
<!-- Generated by org.testng.reporters.JUnitReportReporter -->
<testsuite hostname="DESKTOP-9NIDAD7" failures="0" tests="3" name="Inkbox.Tests.LoginTest" time="61.647" errors="0" timestamp="2021-07-16T11:01:28 EDT" skipped="0">
  <testcase classname="Inkbox.Tests.LoginTest" name="LoginWithDirectUser" time="21.251"/>
  <system-out/>
  <testcase classname="Inkbox.Tests.LoginTest" name="LoginWithFacebook" time="16.371"/>
  <system-out/>
  <testcase classname="Inkbox.Tests.LoginTest" name="LoginWithGoogle" time="24.025"/>
  <system-out/>
</testsuite> <!-- Inkbox.Tests.LoginTest -->
