<?xml version="1.0" encoding="UTF-8"?>
<!-- Generated by org.testng.reporters.JUnitReportReporter -->
<testsuite hostname="DESKTOP-4ANDBIN" failures="0" tests="4" name="Inkbox.Tests.ProductSearchTest1" time="228.666" errors="0" timestamp="2021-07-06T15:37:26 IST" skipped="0">
  <testcase classname="Inkbox.Tests.ProductSearchTest1" name="Autosuggestion_Validation" time="41.056"/>
  <system-out/>
  <testcase classname="Inkbox.Tests.ProductSearchTest1" name="SortByPriceLowToHigh" time="58.692"/>
  <system-out/>
  <testcase classname="Inkbox.Tests.ProductSearchTest1" name="SortBySize" time="71.409"/>
  <system-out/>
  <testcase classname="Inkbox.Tests.ProductSearchTest1" name="ValidatePresentUrl_with_PreviousUrl" time="57.509"/>
  <system-out/>
</testsuite> <!-- Inkbox.Tests.ProductSearchTest1 -->
