<?xml version="1.0" encoding="UTF-8"?>
<!-- Generated by org.testng.reporters.JUnitReportReporter -->
<testsuite hostname="DESKTOP-4ANDBIN" failures="0" tests="4" name="Inkbox.Tests.CartTest" time="344.323" errors="0" timestamp="2021-07-12T18:08:24 IST" skipped="0">
  <testcase classname="Inkbox.Tests.CartTest" name="ValidateItems_Adding_To_Cart" time="86.354"/>
  <system-out/>
  <testcase classname="Inkbox.Tests.CartTest" name="IncreamentProduct_InCart_And_INC_145_cannot_remove_item_from_cart" time="128.170"/>
  <system-out/>
  <testcase classname="Inkbox.Tests.CartTest" name="VerifyFreeShippingMessage" time="61.440"/>
  <system-out/>
  <testcase classname="Inkbox.Tests.CartTest" name="AddItemsToCart_without_Login_and_ValidateAfterLogin" time="68.359"/>
  <system-out/>
</testsuite> <!-- Inkbox.Tests.CartTest -->
