<?xml version="1.0" encoding="UTF-8"?>
<!-- Generated by org.testng.reporters.JUnitReportReporter -->
<testsuite hostname="DESKTOP-4ANDBIN" failures="0" tests="4" name="Inkbox.Tests.CartTest" time="316.475" errors="0" timestamp="2021-07-09T18:12:31 IST" skipped="0">
  <testcase classname="Inkbox.Tests.CartTest" name="ValidateItems_Adding_To_Cart" time="73.987"/>
  <system-out/>
  <testcase classname="Inkbox.Tests.CartTest" name="IncreamentProduct_InCart_And_INC_145_cannot_remove_item_from_cart" time="120.189"/>
  <system-out/>
  <testcase classname="Inkbox.Tests.CartTest" name="VerifyFreeShippingMessage" time="58.290"/>
  <system-out/>
  <testcase classname="Inkbox.Tests.CartTest" name="AddItemsToCart_without_Login_and_ValidateAfterLogin" time="64.009"/>
  <system-out/>
</testsuite> <!-- Inkbox.Tests.CartTest -->
