<?xml version="1.0" encoding="UTF-8"?>
<!-- Generated by org.testng.reporters.JUnitReportReporter -->
<testsuite hostname="DESKTOP-9NIDAD7" failures="0" tests="3" name="Inkbox.Tests.LoginTest" time="63.041" errors="0" timestamp="2021-07-14T12:07:23 EDT" skipped="0">
  <testcase classname="Inkbox.Tests.LoginTest" name="LoginWithFacebook" time="18.840"/>
  <system-out/>
  <testcase classname="Inkbox.Tests.LoginTest" name="LoginWithGoogle" time="22.265"/>
  <system-out/>
  <testcase classname="Inkbox.Tests.LoginTest" name="LoginWithDirectUser" time="21.936"/>
  <system-out/>
</testsuite> <!-- Inkbox.Tests.LoginTest -->
