<?xml version="1.0" encoding="UTF-8"?>
<!-- Generated by org.testng.reporters.JUnitReportReporter -->
<testsuite hostname="DESKTOP-9NIDAD7" failures="0" tests="1" name="Inkbox.Tests.LoginTest" time="22.675" errors="0" timestamp="2021-07-09T12:36:54 EDT" skipped="0">
  <testcase classname="Inkbox.Tests.LoginTest" name="LoginWithDirectUser" time="22.675"/>
  <system-out/>
</testsuite> <!-- Inkbox.Tests.LoginTest -->
