<?xml version="1.0" encoding="UTF-8"?>
<!-- Generated by org.testng.reporters.JUnitReportReporter -->
<testsuite hostname="DESKTOP-9NIDAD7" failures="0" tests="3" name="Inkbox.Tests.CartTest" time="154.590" errors="0" timestamp="2021-07-06T09:28:26 EDT" skipped="0">
  <testcase classname="Inkbox.Tests.CartTest" name="ValidateItems_Adding_To_Cart" time="51.602"/>
  <system-out/>
  <testcase classname="Inkbox.Tests.CartTest" name="IncreamentProduct_InCart_And_Remove_Items_In_Cart" time="66.690"/>
  <system-out/>
  <testcase classname="Inkbox.Tests.CartTest" name="AddItemsToCart_without_Login_and_ValidateAfterLogin" time="36.298"/>
  <system-out/>
</testsuite> <!-- Inkbox.Tests.CartTest -->
