<?xml version="1.0" encoding="UTF-8"?>
<!-- Generated by org.testng.reporters.JUnitReportReporter -->
<testsuite hostname="DESKTOP-4ANDBIN" failures="0" tests="1" name="Inkbox.Tests.SmokeTest" time="5.171" errors="0" timestamp="2021-06-29T09:06:00 IST" skipped="0">
  <testcase classname="Inkbox.Tests.SmokeTest" name="Setup" time="5.171"/>
  <system-out/>
</testsuite> <!-- Inkbox.Tests.SmokeTest -->
