<?xml version="1.0" encoding="UTF-8"?>
<!-- Generated by org.testng.reporters.JUnitReportReporter -->
<testsuite hostname="DESKTOP-9NIDAD7" failures="0" tests="3" name="Inkbox.Tests.LoginTest" time="67.172" errors="0" timestamp="2021-07-08T11:14:25 EDT" skipped="0">
  <testcase classname="Inkbox.Tests.LoginTest" name="LoginWithDirectUser" time="22.249"/>
  <system-out/>
  <testcase classname="Inkbox.Tests.LoginTest" name="LoginWithFacebook" time="19.832"/>
  <system-out/>
  <testcase classname="Inkbox.Tests.LoginTest" name="LoginWithGoogle" time="25.091"/>
  <system-out/>
</testsuite> <!-- Inkbox.Tests.LoginTest -->
