<?xml version="1.0" encoding="UTF-8"?>
<!-- Generated by org.testng.reporters.JUnitReportReporter -->
<testsuite hostname="DESKTOP-9NIDAD7" failures="0" tests="2" name="Inkbox.Tests.HomePageTest" time="54.800" errors="0" timestamp="2021-07-06T09:28:26 EDT" skipped="0">
  <testcase classname="Inkbox.Tests.HomePageTest" name="ValidateUserImage_Changepassword" time="21.376"/>
  <system-out/>
  <testcase classname="Inkbox.Tests.HomePageTest" name="ProductsDisplayed_are_Clicable_And_Move_To_PDP" time="33.424"/>
  <system-out/>
</testsuite> <!-- Inkbox.Tests.HomePageTest -->
