<?xml version="1.0" encoding="UTF-8"?>
<!-- Generated by org.testng.reporters.JUnitReportReporter -->
<testsuite hostname="DESKTOP-4ANDBIN" failures="0" tests="1" name="Inkbox.Tests.ProductSearchTest" time="20.408" errors="0" timestamp="2021-06-30T16:11:27 IST" skipped="0">
  <testcase classname="Inkbox.Tests.ProductSearchTest" name="ProductSearchFunctionality" time="20.408"/>
  <system-out/>
</testsuite> <!-- Inkbox.Tests.ProductSearchTest -->
