<?xml version="1.0" encoding="UTF-8"?>
<!-- Generated by org.testng.reporters.JUnitReportReporter -->
<testsuite hostname="DESKTOP-9NIDAD7" failures="0" tests="1" name="Inkbox.Tests.CartTest" time="62.777" errors="0" timestamp="2021-07-13T13:11:30 EDT" skipped="0">
  <testcase classname="Inkbox.Tests.CartTest" name="ValidateItems_Adding_To_Cart" time="62.777"/>
  <system-out/>
</testsuite> <!-- Inkbox.Tests.CartTest -->
