<?xml version="1.0" encoding="UTF-8"?>
<!-- Generated by org.testng.reporters.JUnitReportReporter -->
<testsuite hostname="DESKTOP-9NIDAD7" failures="0" tests="1" name="Inkbox.Tests.ProductSearchTest" time="41.585" errors="0" timestamp="2021-07-12T12:49:11 EDT" skipped="0">
  <testcase classname="Inkbox.Tests.ProductSearchTest" name="SortByPriceLowToHigh" time="41.585"/>
  <system-out/>
</testsuite> <!-- Inkbox.Tests.ProductSearchTest -->
