<?xml version="1.0" encoding="UTF-8"?>
<!-- Generated by org.testng.reporters.JUnitReportReporter -->
<testsuite hostname="DESKTOP-9NIDAD7" failures="0" tests="1" name="Inkbox.Tests.HomePageTest" time="31.989" errors="0" timestamp="2021-07-08T13:31:04 EDT" skipped="0">
  <testcase classname="Inkbox.Tests.HomePageTest" name="Validating_HomePage" time="31.989"/>
  <system-out/>
</testsuite> <!-- Inkbox.Tests.HomePageTest -->
