<?xml version="1.0" encoding="UTF-8"?>
<!-- Generated by org.testng.reporters.JUnitReportReporter -->
<testsuite hostname="DESKTOP-9NIDAD7" failures="0" tests="1" name="Inkbox.Tests.ProductSearchTest" time="37.430" errors="0" timestamp="2021-07-12T11:57:54 EDT" skipped="0">
  <testcase classname="Inkbox.Tests.ProductSearchTest" name="SortByPriceLowToHigh" time="37.430"/>
  <system-out/>
</testsuite> <!-- Inkbox.Tests.ProductSearchTest -->
