<?xml version="1.0" encoding="UTF-8"?>
<!-- Generated by org.testng.reporters.JUnitReportReporter -->
<testsuite hostname="DESKTOP-9NIDAD7" failures="0" tests="6" name="Inkbox.Tests.ProductSearchTest" time="238.247" errors="0" timestamp="2021-07-08T11:14:25 EDT" skipped="0">
  <testcase classname="Inkbox.Tests.ProductSearchTest" name="Autosuggestion_Validation" time="46.999"/>
  <system-out/>
  <testcase classname="Inkbox.Tests.ProductSearchTest" name="SortByPriceLowToHigh" time="43.589"/>
  <system-out/>
  <testcase classname="Inkbox.Tests.ProductSearchTest" name="Verify_SearchResults" time="31.677"/>
  <system-out/>
  <testcase classname="Inkbox.Tests.ProductSearchTest" name="SortBySize" time="43.219"/>
  <system-out/>
  <testcase classname="Inkbox.Tests.ProductSearchTest" name="ValidatePresentUrl_with_PreviousUrl" time="39.542"/>
  <system-out/>
  <testcase classname="Inkbox.Tests.ProductSearchTest" name="ValidatePricingBlock" time="33.221"/>
  <system-out/>
</testsuite> <!-- Inkbox.Tests.ProductSearchTest -->
