<?xml version="1.0" encoding="UTF-8"?>
<!-- Generated by org.testng.reporters.JUnitReportReporter -->
<testsuite hostname="DESKTOP-9NIDAD7" failures="0" tests="1" name="Inkbox.Tests.ContentFulTest" time="18.508" errors="0" timestamp="2021-07-14T13:24:23 EDT" skipped="0">
  <testcase classname="Inkbox.Tests.ContentFulTest" name="Login" time="18.508"/>
  <system-out/>
</testsuite> <!-- Inkbox.Tests.ContentFulTest -->
