<?xml version="1.0" encoding="UTF-8"?>
<!-- Generated by org.testng.reporters.JUnitReportReporter -->
<testsuite hostname="DESKTOP-9NIDAD7" failures="0" tests="8" name="Inkbox.Tests.HomePageTest" time="570.275" errors="0" timestamp="2021-07-14T16:50:02 EDT" skipped="0">
  <testcase classname="Inkbox.Tests.HomePageTest" name="VerifypopularCategories" time="108.472"/>
  <system-out/>
  <testcase classname="Inkbox.Tests.HomePageTest" name="Verify_Changepassword" time="34.605"/>
  <system-out/>
  <testcase classname="Inkbox.Tests.HomePageTest" name="Verify_Shop" time="29.108"/>
  <system-out/>
  <testcase classname="Inkbox.Tests.HomePageTest" name="Validating_HomePage" time="31.860"/>
  <system-out/>
  <testcase classname="Inkbox.Tests.HomePageTest" name="Validate_Footer" time="215.946"/>
  <system-out/>
  <testcase classname="Inkbox.Tests.HomePageTest" name="ProductsDisplayed_are_Clicable_And_Move_To_PDP" time="37.739"/>
  <system-out/>
  <testcase classname="Inkbox.Tests.HomePageTest" name="Verify_Display_of_Products_on_Homepage" time="39.016"/>
  <system-out/>
  <testcase classname="Inkbox.Tests.HomePageTest" name="UserImageChangingOrNot" time="73.529"/>
  <system-out/>
</testsuite> <!-- Inkbox.Tests.HomePageTest -->
