<?xml version="1.0" encoding="UTF-8"?>
<!-- Generated by org.testng.reporters.JUnitReportReporter -->
<testsuite hostname="DESKTOP-9NIDAD7" failures="0" tests="1" name="Inkbox.Tests.ContentFulTest" time="75.510" errors="0" timestamp="2021-07-19T13:40:58 EDT" skipped="0">
  <testcase classname="Inkbox.Tests.ContentFulTest" name="Verify_ShopByProduct" time="75.510"/>
  <system-out/>
</testsuite> <!-- Inkbox.Tests.ContentFulTest -->
