<?xml version="1.0" encoding="UTF-8"?>
<!-- Generated by org.testng.reporters.JUnitReportReporter -->
<testsuite hostname="DESKTOP-4ANDBIN" failures="0" tests="1" name="Inkbox.Tests.SignUpTest" time="22.678" errors="0" timestamp="2021-07-05T17:28:21 IST" skipped="0">
  <testcase classname="Inkbox.Tests.SignUpTest" name="SignUpTest" time="22.678"/>
  <system-out/>
</testsuite> <!-- Inkbox.Tests.SignUpTest -->
