<?xml version="1.0" encoding="UTF-8"?>
<!-- Generated by org.testng.reporters.JUnitReportReporter -->
<testsuite hostname="DESKTOP-4ANDBIN" failures="0" tests="6" name="Inkbox.Tests.ProductSearchTest" time="328.660" errors="0" timestamp="2021-07-09T18:12:31 IST" skipped="0">
  <testcase classname="Inkbox.Tests.ProductSearchTest" name="Autosuggestion_Validation" time="64.711"/>
  <system-out/>
  <testcase classname="Inkbox.Tests.ProductSearchTest" name="SortByPriceLowToHigh" time="51.030"/>
  <system-out/>
  <testcase classname="Inkbox.Tests.ProductSearchTest" name="Verify_SearchResults" time="45.273"/>
  <system-out/>
  <testcase classname="Inkbox.Tests.ProductSearchTest" name="SortBySize" time="66.313"/>
  <system-out/>
  <testcase classname="Inkbox.Tests.ProductSearchTest" name="ValidatePresentUrl_with_PreviousUrl" time="55.084"/>
  <system-out/>
  <testcase classname="Inkbox.Tests.ProductSearchTest" name="ValidatePricingBlock" time="46.249"/>
  <system-out/>
</testsuite> <!-- Inkbox.Tests.ProductSearchTest -->
